<?xml version="1.0" encoding="UTF-8"?>
<!-- Generated by org.testng.reporters.JUnitReportReporter -->
<testsuite hostname="DESKTOP-05RELMT" failures="0" tests="3" name="UserValidation.Login" time="9.756" errors="0" timestamp="2024-06-10T20:09:23 IST" skipped="0">
  <testcase classname="UserValidation.Login" name="Signup" time="9.187"/>
  <testcase classname="UserValidation.Login" name="login" time="0.567"/>
  <testcase classname="UserValidation.Login" name="messaage" time="0.002"/>
</testsuite> <!-- UserValidation.Login -->
