<?xml version="1.0" encoding="UTF-8"?>
<!-- Generated by org.testng.reporters.JUnitReportReporter -->
<testsuite hostname="DESKTOP-05RELMT" failures="0" tests="1" name="UserValidation.Login2Dharani2" time="3.682" errors="0" timestamp="2024-06-06T22:17:16 IST" skipped="0">
  <testcase classname="UserValidation.Login2Dharani2" name="testSignup" time="3.682"/>
</testsuite> <!-- UserValidation.Login2Dharani2 -->
