<?xml version="1.0" encoding="UTF-8"?>
<!-- Generated by org.testng.reporters.JUnitReportReporter -->
<testsuite hostname="DESKTOP-05RELMT" failures="0" tests="3" name="UserValidation.AddProducts" time="15.910" errors="0" timestamp="2024-06-11T10:57:54 IST" skipped="0">
  <testcase classname="UserValidation.AddProducts" name="Signup" time="9.109"/>
  <testcase classname="UserValidation.AddProducts" name="login" time="0.432"/>
  <testcase classname="UserValidation.AddProducts" name="addOneProduct" time="6.369"/>
</testsuite> <!-- UserValidation.AddProducts -->
