<?xml version="1.0" encoding="UTF-8"?>
<!-- Generated by org.testng.reporters.JUnitReportReporter -->
<testsuite hostname="DESKTOP-05RELMT" failures="0" tests="4" name="UserValidation.AddTwoProducts" time="23.402" errors="0" timestamp="2024-06-12T16:06:13 IST" skipped="0">
  <testcase classname="UserValidation.AddTwoProducts" name="Signup" time="10.476"/>
  <testcase classname="UserValidation.AddTwoProducts" name="login" time="0.666"/>
  <testcase classname="UserValidation.AddTwoProducts" name="addOneProduct" time="6.616"/>
  <testcase classname="UserValidation.AddTwoProducts" name="addTwoProd" time="5.644"/>
</testsuite> <!-- UserValidation.AddTwoProducts -->
