<?xml version="1.0" encoding="UTF-8"?>
<!-- Generated by org.testng.reporters.JUnitReportReporter -->
<testsuite hostname="DESKTOP-05RELMT" failures="0" tests="1" name="UserValidation.signUp2Dharani" time="8.692" errors="0" timestamp="2024-06-07T14:10:54 IST" skipped="0">
  <testcase classname="UserValidation.signUp2Dharani" name="testSignup" time="8.692"/>
</testsuite> <!-- UserValidation.signUp2Dharani -->
