<?xml version="1.0" encoding="UTF-8"?>
<!-- Generated by org.testng.reporters.JUnitReportReporter -->
<testsuite hostname="DESKTOP-05RELMT" failures="0" tests="1" name="NegativeScenario.LoginIncorrectly" time="4.168" errors="0" timestamp="2024-06-12T16:06:13 IST" skipped="0">
  <testcase classname="NegativeScenario.LoginIncorrectly" name="incorrectLogin" time="4.168"/>
</testsuite> <!-- NegativeScenario.LoginIncorrectly -->
